<?xml version="1.0" encoding="UTF-8"?>
<!-- Generated by org.testng.reporters.JUnitReportReporter -->
<testsuite hostname="LAPTOP-PB1GCO03" failures="0" tests="2" name="tests.TestOnLocalAPI" time="1.375" errors="0" timestamp="2022-10-22T16:20:51 EDT" skipped="0">
  <testcase classname="tests.TestOnLocalAPI" name="delete" time="1.292"/>
  <system-out/>
  <testcase classname="tests.TestOnLocalAPI" name="get" time="0.083"/>
  <system-out/>
</testsuite> <!-- tests.TestOnLocalAPI -->
