<?xml version="1.0" encoding="UTF-8"?>
<!-- Generated by org.testng.reporters.JUnitReportReporter -->
<testsuite hostname="LAPTOP-PB1GCO03" failures="0" tests="2" name="tests.Test1" time="3.490" errors="0" timestamp="2022-10-21T19:27:34 EDT" skipped="0">
  <testcase classname="tests.Test1" name="Firsttest" time="2.330"/>
  <system-out/>
  <testcase classname="tests.Test1" name="SecondTest" time="1.160"/>
  <system-out/>
</testsuite> <!-- tests.Test1 -->
