<?xml version="1.0" encoding="UTF-8"?>
<!-- Generated by org.testng.reporters.JUnitReportReporter -->
<testsuite hostname="LAPTOP-PB1GCO03" failures="0" tests="2" name="tests.GetandPostTest" time="2.466" errors="0" timestamp="2022-10-21T20:05:22 EDT" skipped="0">
  <testcase classname="tests.GetandPostTest" name="TestPost" time="0.400"/>
  <system-out/>
  <testcase classname="tests.GetandPostTest" name="TestGet" time="2.066"/>
  <system-out/>
</testsuite> <!-- tests.GetandPostTest -->
