<?xml version="1.0" encoding="UTF-8"?>
<!-- Generated by org.testng.reporters.JUnitReportReporter -->
<testsuite hostname="LAPTOP-PB1GCO03" failures="0" tests="1" name="tests.TestOnLocalAPI" time="1.068" errors="0" timestamp="2023-03-30T22:12:08 EDT" skipped="0">
  <testcase classname="tests.TestOnLocalAPI" name="delete" time="1.068"/>
  <system-out/>
</testsuite> <!-- tests.TestOnLocalAPI -->
