<?xml version="1.0" encoding="UTF-8"?>
<!-- Generated by org.testng.reporters.JUnitReportReporter -->
<testsuite hostname="LAPTOP-PB1GCO03" failures="0" tests="2" name="tests.Test1" time="2.231" errors="0" timestamp="2023-03-30T21:57:37 EDT" skipped="0">
  <testcase classname="tests.Test1" name="Firsttest" time="1.562"/>
  <system-out/>
  <testcase classname="tests.Test1" name="SecondTest" time="0.669"/>
  <system-out/>
</testsuite> <!-- tests.Test1 -->
