<?xml version="1.0" encoding="UTF-8"?>
<!-- Generated by org.testng.reporters.JUnitReportReporter -->
<testsuite hostname="LAPTOP-PB1GCO03" failures="0" tests="3" name="tests.PutPatchandDeleteTest" time="2.537" errors="0" timestamp="2022-10-21T20:26:29 EDT" skipped="0">
  <testcase classname="tests.PutPatchandDeleteTest" name="TestDelete" time="1.831"/>
  <system-out/>
  <testcase classname="tests.PutPatchandDeleteTest" name="TestPut" time="0.304"/>
  <system-out/>
  <testcase classname="tests.PutPatchandDeleteTest" name="TestPatch" time="0.402"/>
  <system-out/>
</testsuite> <!-- tests.PutPatchandDeleteTest -->
