<?xml version="1.0" encoding="UTF-8"?>
<!-- Generated by org.testng.reporters.JUnitReportReporter -->
<testsuite hostname="LAPTOP-PB1GCO03" failures="0" tests="2" name="tests.GetandPostTest" time="2.517" errors="0" timestamp="2023-03-28T20:23:01 EDT" skipped="0">
  <testcase classname="tests.GetandPostTest" name="TestPost" time="0.404"/>
  <system-out/>
  <testcase classname="tests.GetandPostTest" name="TestGet" time="2.113"/>
  <system-out/>
</testsuite> <!-- tests.GetandPostTest -->
