<?xml version="1.0" encoding="UTF-8"?>
<!-- Generated by org.testng.reporters.JUnitReportReporter -->
<testsuite hostname="LAPTOP-PB1GCO03" failures="0" tests="1" name="tests.JSONSchemaValidator" time="2.283" errors="0" timestamp="2022-10-26T21:22:14 EDT" skipped="0">
  <testcase classname="tests.JSONSchemaValidator" name="TestGet" time="2.283"/>
  <system-out/>
</testsuite> <!-- tests.JSONSchemaValidator -->
