<?xml version="1.0" encoding="UTF-8"?>
<!-- Generated by org.testng.reporters.JUnitReportReporter -->
<testsuite hostname="LAPTOP-PB1GCO03" failures="0" tests="1" name="tests.JSONSchemaValidator" time="1.710" errors="0" timestamp="2023-03-30T22:40:28 EDT" skipped="0">
  <testcase classname="tests.JSONSchemaValidator" name="TestGet" time="1.710"/>
  <system-out/>
</testsuite> <!-- tests.JSONSchemaValidator -->
