<?xml version="1.0" encoding="UTF-8"?>
<!-- Generated by org.testng.reporters.JUnitReportReporter -->
<testsuite hostname="LAPTOP-PB1GCO03" failures="0" tests="1" name="tests.SoapXMLRequest" time="2.385" errors="0" timestamp="2022-10-26T21:21:42 EDT" skipped="0">
  <testcase classname="tests.SoapXMLRequest" name="validateSoapXML" time="2.385"/>
  <system-out/>
</testsuite> <!-- tests.SoapXMLRequest -->
